<?xml version='1.0' encoding='UTF-8'?>
<testsuite hostname="DESKTOP-FF443BI" name="test.scala.de.hopf.PointSpec" tests="1" errors="0" failures="0" skipped="0" time="0.018" timestamp="2020-05-04T18:16:31">
                     <properties>
[...]
</properties>
                     <testcase classname="test.scala.de.hopf.PointSpec" name="A Point should have x and y" time="0.018">
                                                 
                                               </testcase>
                     <system-out><![CDATA[]]></system-out>
                     <system-err><![CDATA[]]></system-err>
                   </testsuite>