<?xml version='1.0' encoding='UTF-8'?>
<testsuite hostname="LAPTOP-MARKUS" name="test.scala.de.hopf.StackSpec" tests="2" errors="0" failures="0" skipped="0" time="0.016" timestamp="2020-05-15T18:14:22">
                     <properties>
[...]
</properties>
                     <testcase classname="test.scala.de.hopf.StackSpec" name="A Stack should pop values in last-in-first-out order" time="0.016">
                                                 
                                               </testcase><testcase classname="test.scala.de.hopf.StackSpec" name="A Stack should throw NoSuchElementException if an empty stack is popped" time="0.0">
                                                 
                                               </testcase>
                     <system-out><![CDATA[]]></system-out>
                     <system-err><![CDATA[]]></system-err>
                   </testsuite>